<?xml version="1.0" encoding="UTF-8"?>
<!-- Generated by org.testng.reporters.JUnitXMLReporter -->
<testsuite hostname="DESKTOP-C6SCVB2" ignored="0" name="Default test" tests="4" failures="0" timestamp="2019-11-29T18:24:34 PKT" time="65.673" errors="0">
  <testcase name="tc1" time="17.018" classname="testapk.testcases"/>
  <testcase name="tc2" time="18.055" classname="testapk.testcases"/>
  <testcase name="tc3" time="15.083" classname="testapk.testcases"/>
  <testcase name="tc4" time="15.454" classname="testapk.testcases"/>
</testsuite> <!-- Default test -->
