<?xml version="1.0" encoding="UTF-8"?>
<!-- Generated by org.testng.reporters.JUnitXMLReporter -->
<testsuite hostname="DESKTOP-C6SCVB2" ignored="0" name="Default test" tests="5" failures="0" timestamp="2019-12-02T15:37:42 PKT" time="71.899" errors="0">
  <testcase name="tc1" time="14.846" classname="testapk.testcases"/>
  <testcase name="tc2" time="16.16" classname="testapk.testcases"/>
  <testcase name="tc3" time="13.614" classname="testapk.testcases"/>
  <testcase name="tc4" time="15.234" classname="testapk.testcases"/>
  <testcase name="tc5" time="11.712" classname="testapk.testcases"/>
</testsuite> <!-- Default test -->
