<?xml version="1.0" encoding="UTF-8"?>
<!-- Generated by org.testng.reporters.JUnitXMLReporter -->
<testsuite hostname="DESKTOP-C6SCVB2" ignored="0" name="Test" tests="4" failures="0" timestamp="2019-11-29T18:30:54 PKT" time="65.833" errors="0">
  <testcase name="tc1" time="16.711" classname="testapk.testcases"/>
  <testcase name="tc2" time="17.344" classname="testapk.testcases"/>
  <testcase name="tc3" time="15.165" classname="testapk.testcases"/>
  <testcase name="tc4" time="16.235" classname="testapk.testcases"/>
</testsuite> <!-- Test -->
