<?xml version="1.0" encoding="UTF-8"?>
<testng-results skipped="0" failed="0" ignored="0" total="4" passed="4">
  <reporter-output>
  </reporter-output>
  <suite name="Suite" duration-ms="65833" started-at="2019-11-29T18:29:48 PKT" finished-at="2019-11-29T18:30:54 PKT">
    <groups>
    </groups>
    <test name="Test" duration-ms="65833" started-at="2019-11-29T18:29:48 PKT" finished-at="2019-11-29T18:30:54 PKT">
      <class name="testapk.testcases">
        <test-method status="PASS" signature="tc1()[pri:1, instance:testapk.testcases@4c1d9d4b]" name="tc1" duration-ms="16711" started-at="2019-11-29T18:29:48 PKT" finished-at="2019-11-29T18:30:04 PKT">
          <reporter-output>
          </reporter-output>
        </test-method> <!-- tc1 -->
        <test-method status="PASS" signature="tc2()[pri:2, instance:testapk.testcases@4c1d9d4b]" name="tc2" duration-ms="17344" started-at="2019-11-29T18:30:05 PKT" finished-at="2019-11-29T18:30:22 PKT">
          <reporter-output>
          </reporter-output>
        </test-method> <!-- tc2 -->
        <test-method status="PASS" signature="tc3()[pri:3, instance:testapk.testcases@4c1d9d4b]" name="tc3" duration-ms="15165" started-at="2019-11-29T18:30:22 PKT" finished-at="2019-11-29T18:30:37 PKT">
          <reporter-output>
          </reporter-output>
        </test-method> <!-- tc3 -->
        <test-method status="PASS" signature="tc4()[pri:4, instance:testapk.testcases@4c1d9d4b]" name="tc4" duration-ms="16235" started-at="2019-11-29T18:30:37 PKT" finished-at="2019-11-29T18:30:54 PKT">
          <reporter-output>
          </reporter-output>
        </test-method> <!-- tc4 -->
      </class> <!-- testapk.testcases -->
    </test> <!-- Test -->
  </suite> <!-- Suite -->
</testng-results>
