<?xml version="1.0" encoding="UTF-8"?>
<testng-results skipped="0" failed="0" ignored="0" total="3" passed="3">
  <reporter-output>
  </reporter-output>
  <suite name="Suite" duration-ms="49094" started-at="2019-12-06T10:14:19 PKT" finished-at="2019-12-06T10:15:08 PKT">
    <groups>
    </groups>
    <test name="Test" duration-ms="49094" started-at="2019-12-06T10:14:19 PKT" finished-at="2019-12-06T10:15:08 PKT">
      <class name="testapk.testcases">
        <test-method status="PASS" signature="tc2()[pri:0, instance:testapk.testcases@6973bf95]" name="tc2" is-config="true" duration-ms="14148" started-at="2019-12-06T10:14:05 PKT" finished-at="2019-12-06T10:14:19 PKT">
          <reporter-output>
          </reporter-output>
        </test-method> <!-- tc2 -->
        <test-method status="PASS" signature="tc5()[pri:0, instance:testapk.testcases@6973bf95]" name="tc5" is-config="true" duration-ms="10591" started-at="2019-12-06T10:14:19 PKT" finished-at="2019-12-06T10:14:29 PKT">
          <reporter-output>
          </reporter-output>
        </test-method> <!-- tc5 -->
        <test-method status="PASS" signature="tc1()[pri:1, instance:testapk.testcases@6973bf95]" name="tc1" duration-ms="12936" started-at="2019-12-06T10:14:29 PKT" finished-at="2019-12-06T10:14:42 PKT">
          <reporter-output>
          </reporter-output>
        </test-method> <!-- tc1 -->
        <test-method status="PASS" signature="tc3()[pri:3, instance:testapk.testcases@6973bf95]" name="tc3" duration-ms="12271" started-at="2019-12-06T10:14:42 PKT" finished-at="2019-12-06T10:14:55 PKT">
          <reporter-output>
          </reporter-output>
        </test-method> <!-- tc3 -->
        <test-method status="PASS" signature="tc4()[pri:4, instance:testapk.testcases@6973bf95]" name="tc4" duration-ms="13151" started-at="2019-12-06T10:14:55 PKT" finished-at="2019-12-06T10:15:08 PKT">
          <reporter-output>
          </reporter-output>
        </test-method> <!-- tc4 -->
      </class> <!-- testapk.testcases -->
    </test> <!-- Test -->
  </suite> <!-- Suite -->
</testng-results>
