<?xml version="1.0" encoding="UTF-8"?>
<testng-results skipped="0" failed="0" ignored="0" total="5" passed="5">
  <reporter-output>
  </reporter-output>
  <suite name="Default suite" duration-ms="71899" started-at="2019-12-02T15:36:30 PKT" finished-at="2019-12-02T15:37:42 PKT">
    <groups>
    </groups>
    <test name="Default test" duration-ms="71899" started-at="2019-12-02T15:36:30 PKT" finished-at="2019-12-02T15:37:42 PKT">
      <class name="testapk.testcases">
        <test-method status="PASS" signature="tc1()[pri:1, instance:testapk.testcases@30ee2816]" name="tc1" duration-ms="14846" started-at="2019-12-02T15:36:30 PKT" finished-at="2019-12-02T15:36:45 PKT">
          <reporter-output>
          </reporter-output>
        </test-method> <!-- tc1 -->
        <test-method status="PASS" signature="tc2()[pri:2, instance:testapk.testcases@30ee2816]" name="tc2" duration-ms="16160" started-at="2019-12-02T15:36:45 PKT" finished-at="2019-12-02T15:37:01 PKT">
          <reporter-output>
          </reporter-output>
        </test-method> <!-- tc2 -->
        <test-method status="PASS" signature="tc3()[pri:3, instance:testapk.testcases@30ee2816]" name="tc3" duration-ms="13614" started-at="2019-12-02T15:37:01 PKT" finished-at="2019-12-02T15:37:15 PKT">
          <reporter-output>
          </reporter-output>
        </test-method> <!-- tc3 -->
        <test-method status="PASS" signature="tc4()[pri:4, instance:testapk.testcases@30ee2816]" name="tc4" duration-ms="15234" started-at="2019-12-02T15:37:15 PKT" finished-at="2019-12-02T15:37:30 PKT">
          <reporter-output>
          </reporter-output>
        </test-method> <!-- tc4 -->
        <test-method status="PASS" signature="tc5()[pri:5, instance:testapk.testcases@30ee2816]" name="tc5" duration-ms="11712" started-at="2019-12-02T15:37:30 PKT" finished-at="2019-12-02T15:37:42 PKT">
          <reporter-output>
          </reporter-output>
        </test-method> <!-- tc5 -->
      </class> <!-- testapk.testcases -->
    </test> <!-- Default test -->
  </suite> <!-- Default suite -->
</testng-results>
