<?xml version="1.0" encoding="UTF-8"?>
<testng-results skipped="0" failed="0" ignored="0" total="3" passed="3">
  <reporter-output>
  </reporter-output>
  <suite name="Default suite" duration-ms="49968" started-at="2019-12-06T17:46:20 PKT" finished-at="2019-12-06T17:47:10 PKT">
    <groups>
    </groups>
    <test name="Default test" duration-ms="49968" started-at="2019-12-06T17:46:20 PKT" finished-at="2019-12-06T17:47:10 PKT">
      <class name="testapk.Testcases">
        <test-method status="PASS" signature="tc2()[pri:0, instance:testapk.Testcases@63355449]" name="tc2" is-config="true" duration-ms="13290" started-at="2019-12-06T17:46:07 PKT" finished-at="2019-12-06T17:46:20 PKT">
          <reporter-output>
          </reporter-output>
        </test-method> <!-- tc2 -->
        <test-method status="PASS" signature="tc5()[pri:0, instance:testapk.Testcases@63355449]" name="tc5" is-config="true" duration-ms="10770" started-at="2019-12-06T17:46:20 PKT" finished-at="2019-12-06T17:46:31 PKT">
          <reporter-output>
          </reporter-output>
        </test-method> <!-- tc5 -->
        <test-method status="PASS" signature="tc1()[pri:1, instance:testapk.Testcases@63355449]" name="tc1" duration-ms="14240" started-at="2019-12-06T17:46:31 PKT" finished-at="2019-12-06T17:46:45 PKT">
          <reporter-output>
          </reporter-output>
        </test-method> <!-- tc1 -->
        <test-method status="PASS" signature="tc3()[pri:3, instance:testapk.Testcases@63355449]" name="tc3" duration-ms="11751" started-at="2019-12-06T17:46:45 PKT" finished-at="2019-12-06T17:46:57 PKT">
          <reporter-output>
          </reporter-output>
        </test-method> <!-- tc3 -->
        <test-method status="PASS" signature="tc4()[pri:4, instance:testapk.Testcases@63355449]" name="tc4" duration-ms="13058" started-at="2019-12-06T17:46:57 PKT" finished-at="2019-12-06T17:47:10 PKT">
          <reporter-output>
          </reporter-output>
        </test-method> <!-- tc4 -->
      </class> <!-- testapk.Testcases -->
    </test> <!-- Default test -->
  </suite> <!-- Default suite -->
</testng-results>
